<?xml version="1.0" encoding="UTF-8"?>
<!-- Generated by org.testng.reporters.JUnitReportReporter -->
<testsuite hostname="DESKTOP-KIRAN" failures="0" tests="1" name="loginPage.validTextLandPage" time="0.088" errors="0" timestamp="2020-09-21T18:13:52 BST" skipped="0">
  <testcase classname="loginPage.validTextLandPage" name="HPage4" time="0.088"/>
  <system-out/>
</testsuite> <!-- loginPage.validTextLandPage -->
