<?xml version="1.0" encoding="UTF-8"?>
<!-- Generated by org.testng.reporters.JUnitReportReporter -->
<testsuite hostname="DESKTOP-KIRAN" failures="0" tests="3" name="loginPage.Datadrivenhomepage" time="61.654" errors="0" timestamp="2020-09-21T18:13:52 BST" skipped="0">
  <testcase classname="loginPage.Datadrivenhomepage" name="HPage1" time="20.019"/>
  <system-out/>
  <testcase classname="loginPage.Datadrivenhomepage" name="HPage1" time="20.035"/>
  <system-out/>
  <testcase classname="loginPage.Datadrivenhomepage" name="HPage1" time="21.600"/>
  <system-out/>
</testsuite> <!-- loginPage.Datadrivenhomepage -->
