<?xml version="1.0" encoding="UTF-8"?>
<!-- Generated by org.testng.reporters.JUnitReportReporter -->
<testsuite hostname="DESKTOP-KIRAN" failures="0" tests="1" name="loginPage.homepage" time="34.224" errors="0" timestamp="2020-09-23T18:35:02 BST" skipped="0">
  <testcase classname="loginPage.homepage" name="HPage2" time="34.224"/>
  <system-out/>
</testsuite> <!-- loginPage.homepage -->
