<?xml version="1.0" encoding="UTF-8"?>
<!-- Generated by org.testng.reporters.JUnitReportReporter -->
<testsuite hostname="DESKTOP-KIRAN" failures="0" tests="3" name="loginPage.Datadrivenhomepage" time="109.162" errors="0" timestamp="2020-09-23T18:52:04 BST" skipped="0">
  <testcase classname="loginPage.Datadrivenhomepage" name="HPage1" time="60.678"/>
  <system-out/>
  <testcase classname="loginPage.Datadrivenhomepage" name="HPage1" time="21.322"/>
  <system-out/>
  <testcase classname="loginPage.Datadrivenhomepage" name="HPage1" time="27.162"/>
  <system-out/>
</testsuite> <!-- loginPage.Datadrivenhomepage -->
